==4642== Memcheck, a memory error detector
==4642== Copyright (C) 2002-2017, and GNU GPL'd, by Julian Seward et al.
==4642== Using Valgrind-3.15.0 and LibVEX; rerun with -h for copyright info
==4642== Command: ../lab-03_mergesort/lab-03_mergesort char z y x
==4642== 
==4642== 
==4642== HEAP SUMMARY:
==4642==     in use at exit: 3 bytes in 1 blocks
==4642==   total heap usage: 4 allocs, 3 frees, 4,104 bytes allocated
==4642== 
==4642== LEAK SUMMARY:
==4642==    definitely lost: 3 bytes in 1 blocks
==4642==    indirectly lost: 0 bytes in 0 blocks
==4642==      possibly lost: 0 bytes in 0 blocks
==4642==    still reachable: 0 bytes in 0 blocks
==4642==         suppressed: 0 bytes in 0 blocks
==4642== Rerun with --leak-check=full to see details of leaked memory
==4642== 
==4642== For lists of detected and suppressed errors, rerun with: -s
==4642== ERROR SUMMARY: 0 errors from 0 contexts (suppressed: 0 from 0)
