==4650== Memcheck, a memory error detector
==4650== Copyright (C) 2002-2017, and GNU GPL'd, by Julian Seward et al.
==4650== Using Valgrind-3.15.0 and LibVEX; rerun with -h for copyright info
==4650== Command: ../lab-03_mergesort/lab-03_mergesort int -1 0 2 0 3
==4650== 
==4650== 
==4650== HEAP SUMMARY:
==4650==     in use at exit: 20 bytes in 1 blocks
==4650==   total heap usage: 6 allocs, 5 frees, 4,164 bytes allocated
==4650== 
==4650== LEAK SUMMARY:
==4650==    definitely lost: 20 bytes in 1 blocks
==4650==    indirectly lost: 0 bytes in 0 blocks
==4650==      possibly lost: 0 bytes in 0 blocks
==4650==    still reachable: 0 bytes in 0 blocks
==4650==         suppressed: 0 bytes in 0 blocks
==4650== Rerun with --leak-check=full to see details of leaked memory
==4650== 
==4650== For lists of detected and suppressed errors, rerun with: -s
==4650== ERROR SUMMARY: 0 errors from 0 contexts (suppressed: 0 from 0)
